<?xml version="1.0" encoding="UTF-8"?>
<TestRun id="75bf1324-69dc-4c0a-96fc-110bac28188c" name="Angel@BOMBADIL 2012-03-13 19:24:30" runUser="Bombadil\Angel" xmlns="http://microsoft.com/schemas/VisualStudio/TeamTest/2006">
  <TestRunConfiguration name="Local Test Run" id="15d3eb22-791a-4749-a73f-6e1ca71b841c">
    <Description>This is a default test run configuration for a local test run.</Description>
    <Deployment runDeploymentRoot="C:\Git\TddOnTheRocks\Src\TestResults\Angel_BOMBADIL 2012-03-13 19_24_30">
      <DeploymentItem filename="C:\Git\TddOnTheRocks\Src\Calendario\bin\Debug\Calendario.dll" />
    </Deployment>
    <TestTypeSpecific />
  </TestRunConfiguration>
  <ResultSummary outcome="Failed">
    <Counters total="1" executed="1" error="0" failed="1" timeout="0" aborted="0" inconclusive="0" passedButRunAborted="0" notRunnable="0" notExecuted="0" disconnected="0" warning="0" passed="0" completed="0" inProgress="0" pending="0" />
  </ResultSummary>
  <Times creation="2012-03-13T19:24:30.1540000-03:00" queuing="2012-03-13T19:24:30.5780000-03:00" start="2012-03-13T19:24:30.7260000-03:00" finish="2012-03-13T19:24:31.9550000-03:00" />
  <TestDefinitions>
    <UnitTest name="Test2" storage="c:\git\tddontherocks\src\calendario.tests\bin\debug\calendario.tests.dll" id="7ffd653d-b4b1-f6c3-6931-29426e55253b">
      <Css projectStructure="" iteration="" />
      <Owners>
        <Owner name="" />
      </Owners>
      <Execution id="847b4c1d-3fd4-408d-84f8-2ee673348f55" />
      <TestMethod codeBase="C:\Git\TddOnTheRocks\Src\Calendario.Tests\bin\Debug\Calendario.Tests.dll" adapterTypeName="Microsoft.VisualStudio.TestTools.TestTypes.Unit.UnitTestAdapter, Microsoft.VisualStudio.QualityTools.Tips.UnitTest.Adapter, Version=9.0.0.0, Culture=neutral, PublicKeyToken=b03f5f7f11d50a3a" className="Calendario.Tests.TestXxx, Calendario.Tests" name="Test2" />
    </UnitTest>
  </TestDefinitions>
  <TestLists>
    <TestList name="Results Not in a List" id="8c84fa94-04c1-424b-9868-57a2d4851a1d" />
    <TestList name="All Loaded Results" id="19431567-8539-422a-85d7-44ee4e166bda" />
  </TestLists>
  <TestEntries>
    <TestEntry testId="7ffd653d-b4b1-f6c3-6931-29426e55253b" executionId="847b4c1d-3fd4-408d-84f8-2ee673348f55" testListId="8c84fa94-04c1-424b-9868-57a2d4851a1d" />
  </TestEntries>
  <Results>
    <UnitTestResult executionId="847b4c1d-3fd4-408d-84f8-2ee673348f55" testId="7ffd653d-b4b1-f6c3-6931-29426e55253b" testName="Test2" computerName="BOMBADIL" duration="00:00:00.2620205" startTime="2012-03-13T19:24:30.8400000-03:00" endTime="2012-03-13T19:24:31.9340000-03:00" testType="13cdc9d9-ddb5-4fa4-a97d-d965ccfc6d4b" outcome="Failed" testListId="8c84fa94-04c1-424b-9868-57a2d4851a1d">
      <Output>
        <ErrorInfo>
          <Message>Assert.IsFalse failed. </Message>
          <StackTrace>   en Calendario.Tests.TestXxx.Test2() en C:\Git\TddOnTheRocks\Src\Calendario.Tests\TestXxx.cs:línea 23
</StackTrace>
        </ErrorInfo>
      </Output>
    </UnitTestResult>
  </Results>
</TestRun>