<?xml version="1.0" encoding="UTF-8"?>
<TestRun id="7839db4f-5259-4aa3-8004-730b7561c347" name="Angel@BOMBADIL 2012-03-13 19:19:07" runUser="Bombadil\Angel" xmlns="http://microsoft.com/schemas/VisualStudio/TeamTest/2006">
  <TestRunConfiguration name="Local Test Run" id="15d3eb22-791a-4749-a73f-6e1ca71b841c">
    <Description>This is a default test run configuration for a local test run.</Description>
    <Deployment runDeploymentRoot="C:\Git\TddOnTheRocks\Src\TestResults\Angel_BOMBADIL 2012-03-13 19_19_07">
      <DeploymentItem filename="C:\Git\TddOnTheRocks\Src\Calendario\bin\Debug\Calendario.dll" />
    </Deployment>
    <TestTypeSpecific />
  </TestRunConfiguration>
  <ResultSummary outcome="Completed">
    <Counters total="1" executed="1" passed="1" error="0" failed="0" timeout="0" aborted="0" inconclusive="0" passedButRunAborted="0" notRunnable="0" notExecuted="0" disconnected="0" warning="0" completed="0" inProgress="0" pending="0" />
  </ResultSummary>
  <Times creation="2012-03-13T19:19:07.0930000-03:00" queuing="2012-03-13T19:19:07.5320000-03:00" start="2012-03-13T19:19:07.6030000-03:00" finish="2012-03-13T19:19:08.5560000-03:00" />
  <TestDefinitions>
    <UnitTest name="Test1" storage="c:\git\tddontherocks\src\calendario.tests\bin\debug\calendario.tests.dll" id="b7a104c5-72af-6c36-3859-2bda66bdab3e">
      <Css projectStructure="" iteration="" />
      <Owners>
        <Owner name="" />
      </Owners>
      <Execution id="11f02e61-242a-4972-8129-536a4a956da7" />
      <TestMethod codeBase="C:\Git\TddOnTheRocks\Src\Calendario.Tests\bin\Debug\Calendario.Tests.dll" adapterTypeName="Microsoft.VisualStudio.TestTools.TestTypes.Unit.UnitTestAdapter, Microsoft.VisualStudio.QualityTools.Tips.UnitTest.Adapter, Version=9.0.0.0, Culture=neutral, PublicKeyToken=b03f5f7f11d50a3a" className="Calendario.Tests.TestXxx, Calendario.Tests" name="Test1" />
    </UnitTest>
  </TestDefinitions>
  <TestLists>
    <TestList name="Results Not in a List" id="8c84fa94-04c1-424b-9868-57a2d4851a1d" />
    <TestList name="All Loaded Results" id="19431567-8539-422a-85d7-44ee4e166bda" />
  </TestLists>
  <TestEntries>
    <TestEntry testId="b7a104c5-72af-6c36-3859-2bda66bdab3e" executionId="11f02e61-242a-4972-8129-536a4a956da7" testListId="8c84fa94-04c1-424b-9868-57a2d4851a1d" />
  </TestEntries>
  <Results>
    <UnitTestResult executionId="11f02e61-242a-4972-8129-536a4a956da7" testId="b7a104c5-72af-6c36-3859-2bda66bdab3e" testName="Test1" computerName="BOMBADIL" duration="00:00:00.0392569" startTime="2012-03-13T19:19:07.6490000-03:00" endTime="2012-03-13T19:19:08.5440000-03:00" testType="13cdc9d9-ddb5-4fa4-a97d-d965ccfc6d4b" outcome="Passed" testListId="8c84fa94-04c1-424b-9868-57a2d4851a1d">
      <Output>
      </Output>
    </UnitTestResult>
  </Results>
</TestRun>